{"C:\\Users\\user\\Documents\\dev\\Interview-FE\\fe-coding-task\\src\\components\\SelectTimeRange.tsx": {"path":"C:\\Users\\user\\Documents\\dev\\Interview-FE\\fe-coding-task\\src\\components\\SelectTimeRange.tsx","statementMap":{"0":{"start":{"line":1,"column":0},"end":{"line":1,"column":31}},"1":{"start":{"line":2,"column":0},"end":{"line":2,"column":56}},"2":{"start":{"line":3,"column":0},"end":{"line":3,"column":50}},"3":{"start":{"line":4,"column":0},"end":{"line":4,"column":46}},"4":{"start":{"line":5,"column":0},"end":{"line":5,"column":52}},"5":{"start":{"line":6,"column":0},"end":{"line":6,"column":54}},"6":{"start":{"line":7,"column":0},"end":{"line":7,"column":65}},"7":{"start":{"line":8,"column":0},"end":{"line":8,"column":46}},"8":{"start":{"line":9,"column":0},"end":{"line":9,"column":79}},"9":{"start":{"line":10,"column":0},"end":{"line":10,"column":47}},"10":{"start":{"line":12,"column":20},"end":{"line":12,"column":22}},"11":{"start":{"line":13,"column":25},"end":{"line":13,"column":26}},"12":{"start":{"line":14,"column":18},"end":{"line":21,"column":2}},"13":{"start":{"line":28,"column":52},"end":{"line":28,"column":96}},"14":{"start":{"line":29,"column":28},"end":{"line":29,"column":54}},"15":{"start":{"line":31,"column":30},"end":{"line":39,"column":3}},"16":{"start":{"line":32,"column":4},"end":{"line":38,"column":5}},"17":{"start":{"line":33,"column":6},"end":{"line":33,"column":null}},"18":{"start":{"line":34,"column":6},"end":{"line":34,"column":18}},"19":{"start":{"line":36,"column":6},"end":{"line":36,"column":null}},"20":{"start":{"line":37,"column":6},"end":{"line":37,"column":19}},"21":{"start":{"line":42,"column":23},"end":{"line":49,"column":3}},"22":{"start":{"line":45,"column":8},"end":{"line":45,"column":13}},"23":{"start":{"line":46,"column":4},"end":{"line":48,"column":6}},"24":{"start":{"line":50,"column":22},"end":{"line":54,"column":3}},"25":{"start":{"line":51,"column":4},"end":{"line":53,"column":5}},"26":{"start":{"line":52,"column":6},"end":{"line":52,"column":null}},"27":{"start":{"line":56,"column":2},"end":{"line":83,"column":4}},"28":{"start":{"line":69,"column":37},"end":{"line":69,"column":56}},"29":{"start":{"line":74,"column":12},"end":{"line":74,"column":36}},"30":{"start":{"line":27,"column":0},"end":{"line":27,"column":24}}},"fnMap":{"0":{"name":"SelectTimeRange","decl":{"start":{"line":27,"column":24},"end":{"line":27,"column":39}},"loc":{"start":{"line":27,"column":86},"end":{"line":84,"column":1}}},"1":{"name":"(anonymous_1)","decl":{"start":{"line":31,"column":30},"end":{"line":31,"column":42}},"loc":{"start":{"line":31,"column":44},"end":{"line":39,"column":3}}},"2":{"name":"(anonymous_2)","decl":{"start":{"line":42,"column":23},"end":{"line":42,"column":24}},"loc":{"start":{"line":42,"column":78},"end":{"line":49,"column":3}}},"3":{"name":"(anonymous_3)","decl":{"start":{"line":50,"column":22},"end":{"line":50,"column":25}},"loc":{"start":{"line":50,"column":27},"end":{"line":54,"column":3}}},"4":{"name":"(anonymous_4)","decl":{"start":{"line":69,"column":23},"end":{"line":69,"column":24}},"loc":{"start":{"line":69,"column":37},"end":{"line":69,"column":56}}},"5":{"name":"(anonymous_5)","decl":{"start":{"line":73,"column":24},"end":{"line":73,"column":25}},"loc":{"start":{"line":74,"column":12},"end":{"line":74,"column":36}}}},"branchMap":{"0":{"loc":{"start":{"line":32,"column":4},"end":{"line":38,"column":5}},"type":"if","locations":[{"start":{"line":32,"column":4},"end":{"line":38,"column":5}},{"start":{"line":35,"column":11},"end":{"line":38,"column":5}}]},"1":{"loc":{"start":{"line":47,"column":6},"end":{"line":47,"column":58}},"type":"cond-expr","locations":[{"start":{"line":47,"column":34},"end":{"line":47,"column":50}},{"start":{"line":47,"column":53},"end":{"line":47,"column":58}}]},"2":{"loc":{"start":{"line":51,"column":4},"end":{"line":53,"column":5}},"type":"if","locations":[{"start":{"line":51,"column":4},"end":{"line":53,"column":5}}]}},"s":{"0":1,"1":1,"2":1,"3":1,"4":1,"5":1,"6":1,"7":1,"8":1,"9":1,"10":1,"11":1,"12":1,"13":5,"14":5,"15":5,"16":0,"17":0,"18":0,"19":0,"20":0,"21":5,"22":0,"23":0,"24":5,"25":0,"26":0,"27":5,"28":10,"29":300,"30":1},"f":{"0":5,"1":0,"2":0,"3":0,"4":10,"5":300},"b":{"0":[0,0],"1":[0,0],"2":[0]}}
,"C:\\Users\\user\\Documents\\dev\\Interview-FE\\fe-coding-task\\src\\constants\\timeRangeConstants.ts": {"path":"C:\\Users\\user\\Documents\\dev\\Interview-FE\\fe-coding-task\\src\\constants\\timeRangeConstants.ts","statementMap":{"0":{"start":{"line":1,"column":13},"end":{"line":1,"column":null}},"1":{"start":{"line":2,"column":13},"end":{"line":2,"column":null}}},"fnMap":{},"branchMap":{},"s":{"0":1,"1":1},"f":{},"b":{}}
}
