TN:
SF:src\components\SelectTimeRange.tsx
FN:27,SelectTimeRange
FN:31,(anonymous_1)
FN:42,(anonymous_2)
FN:50,(anonymous_3)
FN:69,(anonymous_4)
FN:73,(anonymous_5)
FNF:6
FNH:3
FNDA:5,SelectTimeRange
FNDA:0,(anonymous_1)
FNDA:0,(anonymous_2)
FNDA:0,(anonymous_3)
FNDA:10,(anonymous_4)
FNDA:300,(anonymous_5)
DA:1,1
DA:2,1
DA:3,1
DA:4,1
DA:5,1
DA:6,1
DA:7,1
DA:8,1
DA:9,1
DA:10,1
DA:12,1
DA:13,1
DA:14,1
DA:27,1
DA:28,5
DA:29,5
DA:31,5
DA:32,0
DA:33,0
DA:34,0
DA:36,0
DA:37,0
DA:42,5
DA:45,0
DA:46,0
DA:50,5
DA:51,0
DA:52,0
DA:56,5
DA:69,10
DA:74,300
LF:31
LH:22
BRDA:32,0,0,0
BRDA:32,0,1,0
BRDA:47,1,0,0
BRDA:47,1,1,0
BRDA:51,2,0,0
BRF:5
BRH:0
end_of_record
TN:
SF:src\constants\timeRangeConstants.ts
FNF:0
FNH:0
DA:1,1
DA:2,1
LF:2
LH:2
BRF:0
BRH:0
end_of_record
